# JRE version: Java(TM) SE Runtime Environment (15.0.1+9) (build 15.0.1+9-18)
# Java VM: Java HotSpot(TM) 64-Bit Server VM (15.0.1+9-18, mixed mode, sharing, tiered, compressed oops, g1 gc, windows-amd64)
GC Precious Log:
 CPUs: 4 total, 4 available
 Memory: 8091M
 Large Page Support: Disabled
 NUMA Support: Disabled
 Compressed Oops: Enabled (32-bit)
 Heap Region Size: 1M
 Heap Min Capacity: 8M
 Heap Initial Capacity: 128M
 Heap Max Capacity: 2024M
 Pre-touch: Disabled
 Parallel Workers: 4
 Concurrent Workers: 1
 Concurrent Refinement Workers: 4
 Periodic GC: Disabled
Heap:
 garbage-first heap   total 131072K, used 25779K [0x0000000081800000, 0x0000000100000000)
  region size 1024K, 24 young (24576K), 3 survivors (3072K)
 Metaspace       used 12923K, capacity 14553K, committed 14720K, reserved 1062912K
  class space    used 1469K, capacity 1659K, committed 1664K, reserved 1048576K
GC Heap History (6 events):
Event: 4.013 GC heap before
{Heap before GC invocations=0 (full 0):
 garbage-first heap   total 131072K, used 13312K [0x0000000081800000, 0x0000000100000000)
  region size 1024K, 13 young (13312K), 0 survivors (0K)
 Metaspace       used 3911K, capacity 6963K, committed 7168K, reserved 1056768K
  class space    used 411K, capacity 725K, committed 768K, reserved 1048576K
}
Event: 4.022 GC heap after
{Heap after GC invocations=1 (full 0):
 garbage-first heap   total 131072K, used 3080K [0x0000000081800000, 0x0000000100000000)
  region size 1024K, 2 young (2048K), 2 survivors (2048K)
 Metaspace       used 3911K, capacity 6963K, committed 7168K, reserved 1056768K
  class space    used 411K, capacity 725K, committed 768K, reserved 1048576K
}
Event: 4.461 GC heap before
{Heap before GC invocations=1 (full 0):
 garbage-first heap   total 131072K, used 16392K [0x0000000081800000, 0x0000000100000000)
  region size 1024K, 15 young (15360K), 2 survivors (2048K)
 Metaspace       used 5475K, capacity 7958K, committed 8064K, reserved 1056768K
  class space    used 627K, capacity 886K, committed 896K, reserved 1048576K
}
Event: 4.466 GC heap after
{Heap after GC invocations=2 (full 0):
 garbage-first heap   total 131072K, used 3737K [0x0000000081800000, 0x0000000100000000)
  region size 1024K, 1 young (1024K), 1 survivors (1024K)
 Metaspace       used 5475K, capacity 7958K, committed 8064K, reserved 1056768K
  class space    used 627K, capacity 886K, committed 896K, reserved 1048576K
}
Event: 5.334 GC heap before
{Heap before GC invocations=2 (full 0):
 garbage-first heap   total 131072K, used 30361K [0x0000000081800000, 0x0000000100000000)
  region size 1024K, 27 young (27648K), 1 survivors (1024K)
 Metaspace       used 9920K, capacity 12092K, committed 12288K, reserved 1060864K
  class space    used 1184K, capacity 1446K, committed 1536K, reserved 1048576K
}
Event: 5.339 GC heap after
{Heap after GC invocations=3 (full 0):
 garbage-first heap   total 131072K, used 5299K [0x0000000081800000, 0x0000000100000000)
  region size 1024K, 3 young (3072K), 3 survivors (3072K)
 Metaspace       used 9920K, capacity 12092K, committed 12288K, reserved 1060864K
  class space    used 1184K, capacity 1446K, committed 1536K, reserved 1048576K
}

